#! /c/Source/iverilog-install/bin/vvp
:ivl_version "12.0 (devel)" "(s20150603-1539-g2693dd32b)";
:ivl_delay_selection "TYPICAL";
:vpi_time_precision + 0;
:vpi_module "C:\iverilog\lib\ivl\system.vpi";
:vpi_module "C:\iverilog\lib\ivl\vhdl_sys.vpi";
:vpi_module "C:\iverilog\lib\ivl\vhdl_textio.vpi";
:vpi_module "C:\iverilog\lib\ivl\v2005_math.vpi";
:vpi_module "C:\iverilog\lib\ivl\va_math.vpi";
S_000001920d3b2720 .scope module, "Data_Memory" "Data_Memory" 2 15;
 .timescale 0 0;
    .port_info 0 /INPUT 1 "clk";
    .port_info 1 /INPUT 1 "rst";
    .port_info 2 /INPUT 1 "WE";
    .port_info 3 /INPUT 32 "WD";
    .port_info 4 /INPUT 32 "A";
    .port_info 5 /OUTPUT 32 "RD";
o000001920d3e7158 .functor BUFZ 1, C4<z>; HiZ drive
L_000001920d3e1240 .functor NOT 1, o000001920d3e7158, C4<0>, C4<0>, C4<0>;
o000001920d3e6fd8 .functor BUFZ 32, C4<zzzzzzzzzzzzzzzzzzzzzzzzzzzzzzzz>; HiZ drive
v000001920d3b28b0_0 .net "A", 31 0, o000001920d3e6fd8;  0 drivers
v000001920d3b2950_0 .net "RD", 31 0, L_000001920d3e1350;  1 drivers
o000001920d3e7038 .functor BUFZ 32, C4<zzzzzzzzzzzzzzzzzzzzzzzzzzzzzzzz>; HiZ drive
v000001920d3b29f0_0 .net "WD", 31 0, o000001920d3e7038;  0 drivers
o000001920d3e7068 .functor BUFZ 1, C4<z>; HiZ drive
v000001920d3b2a90_0 .net "WE", 0 0, o000001920d3e7068;  0 drivers
v000001920d39bcb0_0 .net *"_ivl_0", 0 0, L_000001920d3e1240;  1 drivers
L_000001920d42fc48 .functor BUFT 1, C4<00000000000000000000000000000000>, C4<0>, C4<0>, C4<0>;
v000001920d39bd50_0 .net/2u *"_ivl_2", 31 0, L_000001920d42fc48;  1 drivers
v000001920d39bdf0_0 .net *"_ivl_4", 31 0, L_000001920d3e12b0;  1 drivers
o000001920d3e7128 .functor BUFZ 1, C4<z>; HiZ drive
v000001920d39be90_0 .net "clk", 0 0, o000001920d3e7128;  0 drivers
v000001920d3e1100 .array "mem", 0 1023, 31 0;
v000001920d3e11a0_0 .net "rst", 0 0, o000001920d3e7158;  0 drivers
E_000001920d39c160 .event posedge, v000001920d39be90_0;
L_000001920d3e12b0 .array/port v000001920d3e1100, o000001920d3e6fd8;
L_000001920d3e1350 .functor MUXZ 32, L_000001920d3e12b0, L_000001920d42fc48, L_000001920d3e1240, C4<>;
    .scope S_000001920d3b2720;
T_0 ;
    %wait E_000001920d39c160;
    %load/vec4 v000001920d3b2a90_0;
    %flag_set/vec4 8;
    %jmp/0xz  T_0.0, 8;
    %load/vec4 v000001920d3b29f0_0;
    %ix/getv 3, v000001920d3b28b0_0;
    %ix/load 4, 0, 0; Constant delay
    %assign/vec4/a/d v000001920d3e1100, 0, 4;
T_0.0 ;
    %jmp T_0;
    .thread T_0;
    .scope S_000001920d3b2720;
T_1 ;
    %pushi/vec4 32, 0, 32;
    %ix/load 4, 28, 0;
    %flag_set/imm 4, 0;
    %store/vec4a v000001920d3e1100, 4, 0;
    %end;
    .thread T_1;
# The file index is used to find the file name in the following table.
:file_names 3;
    "N/A";
    "<interactive>";
    "Data_Memory.v";
